Arguments: 
  C:\Program Files\nodejs\node.exe C:\Users\daltr\AppData\Roaming\npm\node_modules\yarn\bin\yarn.js add @types/nodemailer-bluebird --save

PATH: 
  C:\Program Files (x86)\Common Files\Oracle\Java\javapath;C:\Program Files\Common Files\Oracle\Java\javapath;C:\Users\daltr\AppData\Roaming\sqldata\dbhomeXE\bin;C:\Windows\system32;C:\Windows;C:\Windows\System32\Wbem;C:\Windows\System32\WindowsPowerShell\v1.0\;C:\Windows\System32\OpenSSH\;C:\Program Files\NVIDIA Corporation\NVIDIA NvDLISR;C:\ProgramData\chocolatey\bin;C:\Program Files\nodejs\;C:\Program Files\Microsoft SQL Server\Client SDK\ODBC\130\Tools\Binn\;C:\Program Files\Microsoft SQL Server\130\Tools\Binn\;C:\Program Files\dotnet\;C:\Program Files\Microsoft SQL Server\Client SDK\ODBC\170\Tools\Binn\;C:\Program Files (x86)\NVIDIA Corporation\PhysX\Common;C:\WINDOWS\system32;C:\WINDOWS;C:\WINDOWS\System32\Wbem;C:\WINDOWS\System32\WindowsPowerShell\v1.0\;C:\WINDOWS\System32\OpenSSH\;C:\Users\daltr\.windows-build-tools\python27\;C:\Users\daltr\AppData\Local\Programs\Python\Python38\Scripts\;C:\Users\daltr\AppData\Local\Programs\Python\Python38\;C:\Users\daltr\AppData\Local\Microsoft\WindowsApps;C:\Users\daltr\AppData\Local\GitHubDesktop\bin;C:\Users\daltr\AppData\Local\Programs\Microsoft VS Code\bin;C:\Users\daltr\AppData\Roaming\npm;C:\Users\daltr\.dotnet\tools;C:\Users\daltr\AppData\Local\Microsoft\WindowsApps;C:\Users\daltr\AppData\Local\Yarn\bin;

Yarn version: 
  1.22.10

Node version: 
  12.18.3

Platform: 
  win32 x64

Trace: 
  Error: https://registry.yarnpkg.com/@types%2fnodemailer-bluebird: Not found
      at Request.params.callback [as _callback] (C:\Users\daltr\AppData\Roaming\npm\node_modules\yarn\lib\cli.js:66988:18)
      at Request.self.callback (C:\Users\daltr\AppData\Roaming\npm\node_modules\yarn\lib\cli.js:140662:22)
      at Request.emit (events.js:315:20)
      at Request.<anonymous> (C:\Users\daltr\AppData\Roaming\npm\node_modules\yarn\lib\cli.js:141634:10)
      at Request.emit (events.js:315:20)
      at IncomingMessage.<anonymous> (C:\Users\daltr\AppData\Roaming\npm\node_modules\yarn\lib\cli.js:141556:12)
      at Object.onceWrapper (events.js:421:28)
      at IncomingMessage.emit (events.js:327:22)
      at endReadableNT (_stream_readable.js:1220:12)
      at processTicksAndRejections (internal/process/task_queues.js:84:21)

npm manifest: 
  {
    "dependencies": {
      "@types/http-errors": "^1.8.0",
      "@types/node": "^14.14.11",
      "@types/nodemailer": "^6.4.0",
      "@types/nodemailer-direct-transport": "^1.0.31",
      "@types/nodemailer-smtp-transport": "^2.7.4",
      "nodemailer": "^6.4.16"
    }
  }

yarn manifest: 
  No manifest

Lockfile: 
  # THIS IS AN AUTOGENERATED FILE. DO NOT EDIT THIS FILE DIRECTLY.
  # yarn lockfile v1
  
  
  "@types/http-errors@^1.8.0":
    version "1.8.0"
    resolved "https://registry.yarnpkg.com/@types/http-errors/-/http-errors-1.8.0.tgz#682477dbbbd07cd032731cb3b0e7eaee3d026b69"
    integrity sha512-2aoSC4UUbHDj2uCsCxcG/vRMXey/m17bC7UwitVm5hn22nI8O8Y9iDpA76Orc+DWkQ4zZrOKEshCqR/jSuXAHA==
  
  nodemailer@^6.4.16:
    version "6.4.16"
    resolved "https://registry.yarnpkg.com/nodemailer/-/nodemailer-6.4.16.tgz#5cb6391b1d79ab7eff32d6f9f48366b5a7117293"
    integrity sha512-68K0LgZ6hmZ7PVmwL78gzNdjpj5viqBdFqKrTtr9bZbJYj6BRj5W6WGkxXrEnUl3Co3CBXi3CZBUlpV/foGnOQ==
